<?xml version="1.0" encoding="UTF-8"?>
<testsuite name="com.zte.tl.nm4.GraphTest" tests="10" skipped="0" failures="0" errors="0" timestamp="2016-07-08T16:07:20" hostname="muqingdeMacBook-Pro.local" time="0.19">
  <properties/>
  <testcase name="shortest_distance_should_be_9_when_from_A_to_C" classname="com.zte.tl.nm4.GraphTest" time="0.069"/>
  <testcase name="shortest_distance_should_be_9_when_from_B_to_B" classname="com.zte.tl.nm4.GraphTest" time="0.002"/>
  <testcase name="distance_should_be_22_when_from_A_to_D_via_E_via_B_via_C" classname="com.zte.tl.nm4.GraphTest" time="0.003"/>
  <testcase name="distance_should_be_5_when_from_A_to_D" classname="com.zte.tl.nm4.GraphTest" time="0.003"/>
  <testcase name="distance_should_be_13_when_from_A_to_C_via_D" classname="com.zte.tl.nm4.GraphTest" time="0.003"/>
  <testcase name="distance_should_be_9_when_from_A_to_C_via_D" classname="com.zte.tl.nm4.GraphTest" time="0.003"/>
  <testcase name="should_have_exception_when_from_A_to_D_via_E" classname="com.zte.tl.nm4.GraphTest" time="0.015"/>
  <testcase name="should_have_2_routes_when_from_C_to_C_where_max_via_stations_be_3" classname="com.zte.tl.nm4.GraphTest" time="0.009"/>
  <testcase name="should_have_3_routes_when_from_A_to_C_where_expect_via_stations_be_4" classname="com.zte.tl.nm4.GraphTest" time="0.007"/>
  <testcase name="difference_route_num_should_be_7_when_from_C_to_C_where_distance_less_then_30" classname="com.zte.tl.nm4.GraphTest" time="0.023"/>
  <system-out><![CDATA[]]></system-out>
  <system-err><![CDATA[]]></system-err>
</testsuite>
